------------------------------------------------------------------------------------------------------------------------------------------------
This is a log file from C:\Users\18113\Desktop\Qt_learning\715\715-master\715\715\PYROSOFT Professional\PSProfessional.exe - Version: 5.8.1.139
------------------------------------------------------------------------------------------------------------------------------------------------
Debug days: 1095
-----------------
2024-04-10 20:13:37.687	[INFO]    	00000	         	          	----- [LOGGING: INITINSTANCE] -----	
2024-04-10 20:13:41.081	[ERROR]   	03810	         	          	找不到热像仪!	
2024-04-10 20:13:43.447	[DEBUG]   	00000	         	          	Max_HandleCount: 945	
2024-04-10 20:13:43.447	[DEBUG]   	00000	         	          	Max_PeakWorkingSetSize: 45.664 MB	
2024-04-10 20:13:44.662	[INFO]    	00000	         	          	----- [LOGGING: EXITINSTANCE] -----	
------------------------------------------------------------------------------------------------------------------------------------------------
This is a log file from C:\Users\18113\Desktop\Qt_learning\715\715-master\715\715\PYROSOFT Professional\PSProfessional.exe - Version: 5.8.1.139
------------------------------------------------------------------------------------------------------------------------------------------------
Debug days: 1095
-----------------
2024-04-10 20:19:54.725	[INFO]    	00000	         	          	----- [LOGGING: INITINSTANCE] -----	
2024-04-10 20:19:58.075	[ERROR]   	03810	         	          	找不到热像仪!	
2024-04-10 20:20:00.027	[DEBUG]   	00000	         	          	Max_HandleCount: 938	
2024-04-10 20:20:00.027	[DEBUG]   	00000	         	          	Max_PeakWorkingSetSize: 45.789 MB	
2024-04-10 20:20:01.343	[INFO]    	00000	         	          	----- [LOGGING: EXITINSTANCE] -----	
------------------------------------------------------------------------------------------------------------------------------------------------
This is a log file from C:\Users\18113\Desktop\Qt_learning\715\715-master\715\715\PYROSOFT_Professional\PSProfessional.exe - Version: 5.8.1.139
------------------------------------------------------------------------------------------------------------------------------------------------
Debug days: 1095
-----------------
2024-04-10 20:21:11.178	[INFO]    	00000	         	          	----- [LOGGING: INITINSTANCE] -----	
2024-04-10 20:21:14.619	[ERROR]   	03810	         	          	找不到热像仪!	
2024-04-10 20:21:16.604	[DEBUG]   	00000	         	          	Max_HandleCount: 955	
2024-04-10 20:21:16.604	[DEBUG]   	00000	         	          	Max_PeakWorkingSetSize: 46.148 MB	
2024-04-10 20:21:36.421	[INFO]    	00000	         	          	----- [LOGGING: EXITINSTANCE] -----	
