-----------------------------------------------------------------------------------------------------------------------------------
This is a log file from D:\20240416_1_lyh_725\20240416_1_lyh_725\715\PYROSOFT_Professional\PSProfessional.exe - Version: 5.8.1.139
-----------------------------------------------------------------------------------------------------------------------------------
Debug days: 1095
-----------------
2024-04-16 11:35:02.765	[INFO]    	00000	         	          	----- [LOGGING: INITINSTANCE] -----	
2024-04-16 11:35:07.758	[ERROR]   	03652	[DEV=01] (Device1)	          	×´Ì¬ 0 (ID=1201 - Êý¾Ý²É¼¯)	
2024-04-16 11:35:07.796	[ERROR]   	03652	         	          	×´Ì¬ 0 (ID=30000 - ÏµÍ³×´Ì¬)	
2024-04-16 11:35:07.796	[ERROR]   	03652	[DEV=01] (Device1)	          	×´Ì¬ 0 (ID=20001 - É¨ÃèÏß×´Ì¬)	
2024-04-16 11:35:08.395	[OK]      	03652	[DEV=01] (Device1)	          	×´Ì¬ 1 (ID=1201 - Êý¾Ý²É¼¯)	
2024-04-16 11:35:08.566	[OK]      	03652	[DEV=01] (Device1)	          	×´Ì¬ 1 (ID=20001 - É¨ÃèÏß×´Ì¬)	
2024-04-16 11:35:08.757	[DEBUG]   	00000	         	          	Max_HandleCount: 1211	
2024-04-16 11:35:08.757	[DEBUG]   	00000	         	          	Max_PeakWorkingSetSize: 64.527 MB	
2024-04-16 11:35:08.818	[OK]      	03652	         	          	×´Ì¬ 1 (ID=30000 - ÏµÍ³×´Ì¬)	
2024-04-16 11:35:29.960	[DEBUG]   	00000	         	          	Max_HandleCount: 1212	
2024-04-16 11:35:31.166	[ERROR]   	03652	[DEV=01] (Device1)	          	×´Ì¬ 0 (ID=1201 - Êý¾Ý²É¼¯)	
2024-04-16 11:35:31.198	[ERROR]   	03652	         	          	×´Ì¬ 0 (ID=30000 - ÏµÍ³×´Ì¬)	
2024-04-16 11:35:31.198	[ERROR]   	03652	[DEV=01] (Device1)	          	×´Ì¬ 0 (ID=20001 - É¨ÃèÏß×´Ì¬)	
2024-04-16 11:35:34.226	[OK]      	03652	         	          	×´Ì¬ 1 (ID=30000 - ÏµÍ³×´Ì¬)	
2024-04-16 11:35:34.993	[INFO]    	00000	         	          	----- [LOGGING: EXITINSTANCE] -----	
